PLUMED: PLUMED is starting
PLUMED: Version: 2.9.0-dev (git: c0ce71f06) compiled on Dec 21 2022 at 12:05:19
PLUMED: Please cite these papers when using PLUMED [1][2]
PLUMED: For further information see the PLUMED web page at http://www.plumed.org
PLUMED: Root: /home/etrizio@iit.local/Bin/dev/plumed2-dev/
PLUMED: For installed feature, see /home/etrizio@iit.local/Bin/dev/plumed2-dev//src/config/config.txt
PLUMED: Molecular dynamics engine: mdrunner_linearexpansion
PLUMED: Precision of reals: 8
PLUMED: Running over 1 node
PLUMED: Number of threads: 1
PLUMED: Cache line size: 512
PLUMED: Number of atoms: 1
PLUMED: File suffix: 
PLUMED: FILE: plumed.dat
PLUMED: Action UNITS
PLUMED:   with label @0
PLUMED:   length: nm
PLUMED:   energy: kj/mol
PLUMED:   time: ps
PLUMED:   charge: e
PLUMED:   mass: amu
PLUMED:   using natural units
PLUMED:   inside PLUMED, Boltzmann constant is 1
PLUMED: Action POSITION
PLUMED:   with label p
PLUMED:   for atom 1
PLUMED:   using periodic boundary conditions
PLUMED:   added component to this action:  p.x 
PLUMED:   added component to this action:  p.y 
PLUMED:   added component to this action:  p.z 
PLUMED:   WARNING: components will not have the proper periodicity - see manual
PLUMED: Action CUSTOM
PLUMED:   with label mueller
PLUMED:   with arguments p.x p.y
PLUMED:   with function : 10*(2+(4/3)*x^4-2*y^2+y^4+10/3*x^2*(y^2-1))+4*exp(-(x^2+(y-1)^2)/(0.4^2))+1*exp(-((x-1)^2+(y+0.3)^2)/(0.4^2))-6*exp(-((x+1)^2+(y+0.6)^2)/(0.4^2))
PLUMED:   with variables : x y
PLUMED:   function as parsed by lepton: (((10*((((2+(1.33333*((x)^4)))-(2*(square(y))))+((y)^4))+((3.33333*(square(x)))*(-1+(square(y))))))+(4*(exp(-6.25*((square(x))+(square(-1+(y))))))))+(exp(-6.25*((square(-1+(x)))+(square(0.3+(y)))))))-(6*(exp(-6.25*((square(1+(x)))+(square(0.6+(y)))))))
PLUMED:   derivatives as computed by lepton:
PLUMED:     (((10*((5.33333*(cube(x)))+((-1+(square(y)))*(6.66667*(x)))))+(4*((exp(-6.25*((square(x))+(square(-1+(y))))))*(-12.5*(x)))))+((exp(-6.25*((square(-1+(x)))+(square(0.3+(y))))))*(-12.5*(-1+(x)))))-(6*((exp(-6.25*((square(1+(x)))+(square(0.6+(y))))))*(-12.5*(1+(x)))))
PLUMED:     (((10*(((4*(cube(y)))-(4*(y)))+((3.33333*(square(x)))*(2*(y)))))+(4*((exp(-6.25*((square(x))+(square(-1+(y))))))*(-12.5*(-1+(y))))))+((exp(-6.25*((square(-1+(x)))+(square(0.3+(y))))))*(-12.5*(0.3+(y)))))-(6*((exp(-6.25*((square(1+(x)))+(square(0.6+(y))))))*(-12.5*(0.6+(y)))))
PLUMED: Action BIASVALUE
PLUMED:   with label potential
PLUMED:   with arguments mueller
PLUMED:   added component to this action:  potential.bias 
PLUMED:   added component to this action:  potential.mueller_bias 
PLUMED: Action LOWER_WALLS
PLUMED:   with label lwall
PLUMED:   with arguments p.x
PLUMED:   added component to this action:  lwall.bias 
PLUMED:   at -2.000000
PLUMED:   with an offset 0.000000
PLUMED:   with force constant 1000.000000
PLUMED:   and exponent 2.000000
PLUMED:   rescaled 1.000000
PLUMED:   added component to this action:  lwall.force2 
PLUMED: Action UPPER_WALLS
PLUMED:   with label uwall
PLUMED:   with arguments p.x
PLUMED:   added component to this action:  uwall.bias 
PLUMED:   at 2.000000
PLUMED:   with an offset 0.000000
PLUMED:   with force constant 1000.000000
PLUMED:   and exponent 2.000000
PLUMED:   rescaled 1.000000
PLUMED:   added component to this action:  uwall.force2 
PLUMED: Action PRINT
PLUMED:   with label @6
PLUMED:   with stride 500
PLUMED:   with arguments p.x p.y p.z mueller potential.bias potential.mueller_bias lwall.bias lwall.force2 uwall.bias uwall.force2
PLUMED:   on file COLVAR
PLUMED:   with format  %g
PLUMED: Action ENDPLUMED
PLUMED:   with label @7
PLUMED: END FILE: plumed.dat
PLUMED: Timestep: 0.005000
PLUMED: KbT: 1.000000
PLUMED: Relevant bibliography:
PLUMED:   [1] The PLUMED consortium, Nat. Methods 16, 670 (2019)
PLUMED:   [2] Tribello, Bonomi, Branduardi, Camilloni, and Bussi, Comput. Phys. Commun. 185, 604 (2014)
PLUMED: Please read and cite where appropriate!
PLUMED: Finished setup
