./iter_0/input.sA.tpr:
inputrec:
   integrator                     = sd
   tinit                          = 0
   dt                             = 0.002
   nsteps                         = 10000000
   init-step                      = 0
   simulation-part                = 1
   mts                            = false
   mass-repartition-factor        = 1
   comm-mode                      = Linear
   nstcomm                        = 1000
   bd-fric                        = 0
   ld-seed                        = -135299433
   emtol                          = 10
   emstep                         = 0.01
   niter                          = 20
   fcstep                         = 0
   nstcgsteep                     = 1000
   nbfgscorr                      = 10
   rtpi                           = 0.05
   nstxout                        = 200
   nstvout                        = 200
   nstfout                        = 200
   nstlog                         = 200
   nstcalcenergy                  = 100
   nstenergy                      = 200
   nstxout-compressed             = 200
   compressed-x-precision         = 1000
   cutoff-scheme                  = Verlet
   nstlist                        = 10
   pbc                            = xyz
   periodic-molecules             = false
   verlet-buffer-tolerance        = 0.005
   verlet-buffer-pressure-tolerance = -1
   rlist                          = 1.034
   coulombtype                    = Cut-off
   coulomb-modifier               = Potential-shift
   rcoulomb-switch                = 0
   rcoulomb                       = 1
   epsilon-r                      = 1
   epsilon-rf                     = inf
   vdw-type                       = Cut-off
   vdw-modifier                   = Potential-shift
   rvdw-switch                    = 0
   rvdw                           = 1
   DispCorr                       = No
   table-extension                = 1
   fourierspacing                 = 0.12
   fourier-nx                     = 0
   fourier-ny                     = 0
   fourier-nz                     = 0
   pme-order                      = 4
   ewald-rtol                     = 1e-05
   ewald-rtol-lj                  = 0.001
   lj-pme-comb-rule               = Geometric
   ewald-geometry                 = 3d
   epsilon-surface                = 0
   ensemble-temperature-setting   = constant
   ensemble-temperature           = 300
   tcoupl                         = No
   nsttcouple                     = -1
   nh-chain-length                = 0
   print-nose-hoover-chain-variables = false
   pcoupl                         = No
   refcoord-scaling               = No
   posres-com (3):
      posres-com[0]= 0.00000e+00
      posres-com[1]= 0.00000e+00
      posres-com[2]= 0.00000e+00
   posres-comB (3):
      posres-comB[0]= 0.00000e+00
      posres-comB[1]= 0.00000e+00
      posres-comB[2]= 0.00000e+00
   QMMM                           = false
qm-opts:
   ngQM                           = 0
   constraint-algorithm           = Lincs
   continuation                   = false
   Shake-SOR                      = false
   shake-tol                      = 0.0001
   lincs-order                    = 4
   lincs-iter                     = 4
   lincs-warnangle                = 30
   nwall                          = 0
   wall-type                      = 9-3
   wall-r-linpot                  = -1
   wall-atomtype[0]               = -1
   wall-atomtype[1]               = -1
   wall-density[0]                = 0
   wall-density[1]                = 0
   wall-ewald-zfac                = 3
   pull                           = false
   awh                            = false
   rotation                       = false
   interactiveMD                  = false
   disre                          = No
   disre-weighting                = Conservative
   disre-mixed                    = false
   dr-fc                          = 1000
   dr-tau                         = 0
   nstdisreout                    = 100
   orire-fc                       = 0
   orire-tau                      = 0
   nstorireout                    = 100
   free-energy                    = no
   cos-acceleration               = 0
   deform (3x3):
      deform[    0]={ 0.00000e+00,  0.00000e+00,  0.00000e+00}
      deform[    1]={ 0.00000e+00,  0.00000e+00,  0.00000e+00}
      deform[    2]={ 0.00000e+00,  0.00000e+00,  0.00000e+00}
   simulated-tempering            = false
   swapcoords                     = no
   userint1                       = 0
   userint2                       = 0
   userint3                       = 0
   userint4                       = 0
   userreal1                      = 0
   userreal2                      = 0
   userreal3                      = 0
   userreal4                      = 0
   applied-forces:
     electric-field:
       x:
         E0                       = 0
         omega                    = 0
         t0                       = 0
         sigma                    = 0
       y:
         E0                       = 0
         omega                    = 0
         t0                       = 0
         sigma                    = 0
       z:
         E0                       = 0
         omega                    = 0
         t0                       = 0
         sigma                    = 0
     density-guided-simulation:
       active                     = false
       group                      = protein
       similarity-measure         = inner-product
       atom-spreading-weight      = unity
       force-constant             = 1e+09
       gaussian-transform-spreading-width = 0.2
       gaussian-transform-spreading-range-in-multiples-of-width = 4
       reference-density-filename = reference.mrc
       nst                        = 1
       normalize-densities        = true
       adaptive-force-scaling     = false
       adaptive-force-scaling-time-constant = 4
       shift-vector               = 
       transformation-matrix      = 
     qmmm-cp2k:
       active                     = false
       qmgroup                    = System
       qmmethod                   = PBE
       qmfilenames                = 
       qmcharge                   = 0
       qmmultiplicity             = 1
     colvars:
       active                     = false
       configfile                 = 
       seed                       = -1
grpopts:
   nrdf:          51
   ref-t:         300
   tau-t:        0.05
annealing:          No
annealing-npoints:           0
   acc:	           0           0           0
   nfreeze:           N           N           N
   energygrp-flags[  0]: 0
header:
   bIr    = present
   bBox   = present
   bTop   = present
   bX     = present
   bV     = present
   bF     = not present
   natoms = 22
   lambda = 0.000000e+00
   buffer size = 9827
topology:
   name="Generated by trjconv : Alanine in vacuum in water t=   0.00000"
   #atoms                         = 22
   #molblock                      = 1
   molblock (0):
      moltype              = 0 "Protein"
      #molecules                     = 1
      #posres_xA                     = 0
      #posres_xB                     = 0
   bIntermolecularInteractions    = false
   ffparams:
      atnr=7
      ntypes=101
         functype[0]=LJ_SR, c6= 9.09000737e-05, c12= 3.14468487e-08
         functype[1]=LJ_SR, c6= 5.31028840e-04, c12= 4.06561213e-07
         functype[2]=LJ_SR, c6= 4.70823928e-04, c12= 3.60467681e-07
         functype[3]=LJ_SR, c6= 4.67791950e-04, c12= 2.27716413e-07
         functype[4]=LJ_SR, c6= 5.69574069e-04, c12= 3.75210078e-07
         functype[5]=LJ_SR, c6= 1.08556287e-05, c12= 4.48496101e-10
         functype[6]=LJ_SR, c6= 7.40353134e-05, c12= 2.08605879e-08
         functype[7]=LJ_SR, c6= 5.31028840e-04, c12= 4.06561213e-07
         functype[8]=LJ_SR, c6= 2.82676704e-03, c12= 4.36426080e-06
         functype[9]=LJ_SR, c6= 2.50628474e-03, c12= 3.86946658e-06
         functype[10]=LJ_SR, c6= 2.62219529e-03, c12= 2.71056524e-06
         functype[11]=LJ_SR, c6= 3.08322744e-03, c12= 4.16510693e-06
         functype[12]=LJ_SR, c6= 8.63071400e-05, c12= 1.07394778e-08
         functype[13]=LJ_SR, c6= 4.43824916e-04, c12= 2.83996542e-07
         functype[14]=LJ_SR, c6= 4.70823928e-04, c12= 3.60467681e-07
         functype[15]=LJ_SR, c6= 2.50628474e-03, c12= 3.86946658e-06
         functype[16]=LJ_SR, c6= 2.22213683e-03, c12= 3.43076886e-06
         functype[17]=LJ_SR, c6= 2.32490594e-03, c12= 2.40325721e-06
         functype[18]=LJ_SR, c6= 2.73366901e-03, c12= 3.69289137e-06
         functype[19]=LJ_SR, c6= 7.65221412e-05, c12= 9.52189794e-09
         functype[20]=LJ_SR, c6= 3.93506663e-04, c12= 2.51798667e-07
         functype[21]=LJ_SR, c6= 4.67791950e-04, c12= 2.27716413e-07
         functype[22]=LJ_SR, c6= 2.62219529e-03, c12= 2.71056524e-06
         functype[23]=LJ_SR, c6= 2.32490594e-03, c12= 2.40325721e-06
         functype[24]=LJ_SR, c6= 2.36347318e-03, c12= 1.58938974e-06
         functype[25]=LJ_SR, c6= 2.83348933e-03, c12= 2.53896906e-06
         functype[26]=LJ_SR, c6= 6.42265586e-05, c12= 4.29257740e-09
         functype[27]=LJ_SR, c6= 3.85424675e-04, c12= 1.54585194e-07
         functype[28]=LJ_SR, c6= 5.69574069e-04, c12= 3.75210078e-07
         functype[29]=LJ_SR, c6= 3.08322744e-03, c12= 4.16510693e-06
         functype[30]=LJ_SR, c6= 2.73366901e-03, c12= 3.69289137e-06
         functype[31]=LJ_SR, c6= 2.83348933e-03, c12= 2.53896906e-06
         functype[32]=LJ_SR, c6= 3.35274590e-03, c12= 3.95094276e-06
         functype[33]=LJ_SR, c6= 8.76987397e-05, c12= 8.89530316e-09
         functype[34]=LJ_SR, c6= 4.73845692e-04, c12= 2.59685635e-07
         functype[35]=LJ_SR, c6= 1.08556287e-05, c12= 4.48496101e-10
         functype[36]=LJ_SR, c6= 8.63071400e-05, c12= 1.07394778e-08
         functype[37]=LJ_SR, c6= 7.65221412e-05, c12= 9.52189794e-09
         functype[38]=LJ_SR, c6= 6.42265586e-05, c12= 4.29257740e-09
         functype[39]=LJ_SR, c6= 8.76987397e-05, c12= 8.89530316e-09
         functype[40]=LJ_SR, c6= 3.92294794e-07, c12= 5.85698102e-13
         functype[41]=LJ_SR, c6= 8.08551067e-06, c12= 2.48807586e-10
         functype[42]=LJ_SR, c6= 7.40353134e-05, c12= 2.08605879e-08
         functype[43]=LJ_SR, c6= 4.43824916e-04, c12= 2.83996542e-07
         functype[44]=LJ_SR, c6= 3.93506663e-04, c12= 2.51798667e-07
         functype[45]=LJ_SR, c6= 3.85424675e-04, c12= 1.54585194e-07
         functype[46]=LJ_SR, c6= 4.73845692e-04, c12= 2.59685635e-07
         functype[47]=LJ_SR, c6= 8.08551067e-06, c12= 2.48807586e-10
         functype[48]=LJ_SR, c6= 5.98627703e-05, c12= 1.36383660e-08
         functype[49]=BONDS, b0A= 1.52200e-01, cbA= 2.65266e+05, b0B= 1.52200e-01, cbB= 2.65266e+05
         functype[50]=BONDS, b0A= 1.22900e-01, cbA= 4.76976e+05, b0B= 1.22900e-01, cbB= 4.76976e+05
         functype[51]=BONDS, b0A= 1.33500e-01, cbA= 4.10032e+05, b0B= 1.33500e-01, cbB= 4.10032e+05
         functype[52]=BONDS, b0A= 1.44900e-01, cbA= 2.82002e+05, b0B= 1.44900e-01, cbB= 2.82002e+05
         functype[53]=BONDS, b0A= 1.52600e-01, cbA= 2.59408e+05, b0B= 1.52600e-01, cbB= 2.59408e+05
         functype[54]=ANGLES, thA= 1.09500e+02, ctA= 2.92880e+02, thB= 1.09500e+02, ctB= 2.92880e+02
         functype[55]=ANGLES, thA= 1.09500e+02, ctA= 4.18400e+02, thB= 1.09500e+02, ctB= 4.18400e+02
         functype[56]=ANGLES, thA= 1.20400e+02, ctA= 6.69440e+02, thB= 1.20400e+02, ctB= 6.69440e+02
         functype[57]=ANGLES, thA= 1.16600e+02, ctA= 5.85760e+02, thB= 1.16600e+02, ctB= 5.85760e+02
         functype[58]=ANGLES, thA= 1.22900e+02, ctA= 6.69440e+02, thB= 1.22900e+02, ctB= 6.69440e+02
         functype[59]=ANGLES, thA= 1.20000e+02, ctA= 4.18400e+02, thB= 1.20000e+02, ctB= 4.18400e+02
         functype[60]=ANGLES, thA= 1.21900e+02, ctA= 4.18400e+02, thB= 1.21900e+02, ctB= 4.18400e+02
         functype[61]=ANGLES, thA= 1.18040e+02, ctA= 4.18400e+02, thB= 1.18040e+02, ctB= 4.18400e+02
         functype[62]=ANGLES, thA= 1.09700e+02, ctA= 6.69440e+02, thB= 1.09700e+02, ctB= 6.69440e+02
         functype[63]=ANGLES, thA= 1.10100e+02, ctA= 5.27184e+02, thB= 1.10100e+02, ctB= 5.27184e+02
         functype[64]=ANGLES, thA= 1.11100e+02, ctA= 5.27184e+02, thB= 1.11100e+02, ctB= 5.27184e+02
         functype[65]=PDIHS, phiA= 0.00000000e+00, cpA= 3.34719992e+00, phiB= 0.00000000e+00, cpB= 3.34719992e+00, mult=1
         functype[66]=PDIHS, phiA= 1.80000000e+02, cpA= 3.34719986e-01, phiB= 1.80000000e+02, cpB= 3.34719986e-01, mult=3
         functype[67]=PDIHS, phiA= 1.80000000e+02, cpA= 1.04600000e+01, phiB= 1.80000000e+02, cpB= 1.04600000e+01, mult=2
         functype[68]=PDIHS, phiA= 0.00000000e+00, cpA= 8.36800003e+00, phiB= 0.00000000e+00, cpB= 8.36800003e+00, mult=1
         functype[69]=PDIHS, phiA= 0.00000000e+00, cpA= 8.36800003e+00, phiB= 0.00000000e+00, cpB= 8.36800003e+00, mult=2
         functype[70]=PDIHS, phiA= 0.00000000e+00, cpA= 1.67359996e+00, phiB= 0.00000000e+00, cpB= 1.67359996e+00, mult=3
         functype[71]=PDIHS, phiA= 0.00000000e+00, cpA= 1.12968004e+00, phiB= 0.00000000e+00, cpB= 1.12968004e+00, mult=2
         functype[72]=PDIHS, phiA= 0.00000000e+00, cpA= 1.75727999e+00, phiB= 0.00000000e+00, cpB= 1.75727999e+00, mult=3
         functype[73]=PDIHS, phiA= 0.00000000e+00, cpA= 6.50839984e-01, phiB= 0.00000000e+00, cpB= 6.50839984e-01, mult=3
         functype[74]=PDIHS, phiA= 1.80000000e+02, cpA= 1.88279998e+00, phiB= 1.80000000e+02, cpB= 1.88279998e+00, mult=1
         functype[75]=PDIHS, phiA= 1.80000000e+02, cpA= 6.61072016e+00, phiB= 1.80000000e+02, cpB= 6.61072016e+00, mult=2
         functype[76]=PDIHS, phiA= 1.80000000e+02, cpA= 2.30119991e+00, phiB= 1.80000000e+02, cpB= 2.30119991e+00, mult=3
         functype[77]=PDIHS, phiA= 0.00000000e+00, cpA= 8.36799979e-01, phiB= 0.00000000e+00, cpB= 8.36799979e-01, mult=1
         functype[78]=PDIHS, phiA= 0.00000000e+00, cpA= 8.36799979e-01, phiB= 0.00000000e+00, cpB= 8.36799979e-01, mult=2
         functype[79]=PIDIHS, phiA= 1.80000000e+02, cpA= 4.39319992e+01, phiB= 1.80000000e+02, cpB= 4.39319992e+01, mult=2
         functype[80]=PIDIHS, phiA= 1.80000000e+02, cpA= 4.60239983e+00, phiB= 1.80000000e+02, cpB= 4.60239983e+00, mult=2
         functype[81]=LJ14, c6A= 2.33895975e-04, c12A= 1.13858206e-07, c6B= 2.33895975e-04, c12B= 1.13858206e-07
         functype[82]=LJ14, c6A= 2.84787035e-04, c12A= 1.87605039e-07, c6B= 2.84787035e-04, c12B= 1.87605039e-07
         functype[83]=LJ14, c6A= 4.31535700e-05, c12A= 5.36973888e-09, c6B= 4.31535700e-05, c12B= 5.36973888e-09
         functype[84]=LJ14, c6A= 1.41338352e-03, c12A= 2.18213040e-06, c6B= 1.41338352e-03, c12B= 2.18213040e-06
         functype[85]=LJ14, c6A= 1.96753332e-04, c12A= 1.25899334e-07, c6B= 1.96753332e-04, c12B= 1.25899334e-07
         functype[86]=LJ14, c6A= 1.25314237e-03, c12A= 1.93473329e-06, c6B= 1.25314237e-03, c12B= 1.93473329e-06
         functype[87]=LJ14, c6A= 1.11106841e-03, c12A= 1.71538443e-06, c6B= 1.11106841e-03, c12B= 1.71538443e-06
         functype[88]=LJ14, c6A= 3.21132793e-05, c12A= 2.14628870e-09, c6B= 3.21132793e-05, c12B= 2.14628870e-09
         functype[89]=LJ14, c6A= 1.31109764e-03, c12A= 1.35528262e-06, c6B= 1.31109764e-03, c12B= 1.35528262e-06
         functype[90]=LJ14, c6A= 1.41674466e-03, c12A= 1.26948453e-06, c6B= 1.41674466e-03, c12B= 1.26948453e-06
         functype[91]=LJ14, c6A= 1.67637295e-03, c12A= 1.97547138e-06, c6B= 1.67637295e-03, c12B= 1.97547138e-06
         functype[92]=LJ14, c6A= 4.04275534e-06, c12A= 1.24403793e-10, c6B= 4.04275534e-06, c12B= 1.24403793e-10
         functype[93]=LJ14, c6A= 3.82610706e-05, c12A= 4.76094897e-09, c6B= 3.82610706e-05, c12B= 4.76094897e-09
         functype[94]=LJ14, c6A= 3.70176567e-05, c12A= 1.04302940e-08, c6B= 3.70176567e-05, c12B= 1.04302940e-08
         functype[95]=LJ14, c6A= 1.92712338e-04, c12A= 7.72925972e-08, c6B= 1.92712338e-04, c12B= 7.72925972e-08
         functype[96]=LJ14, c6A= 2.36922846e-04, c12A= 1.29842817e-07, c6B= 2.36922846e-04, c12B= 1.29842817e-07
         functype[97]=LJ14, c6A= 1.54161372e-03, c12A= 2.08255346e-06, c6B= 1.54161372e-03, c12B= 2.08255346e-06
         functype[98]=LJ14, c6A= 2.35411964e-04, c12A= 1.80233840e-07, c6B= 2.35411964e-04, c12B= 1.80233840e-07
         functype[99]=CONSTR, dA= 1.08999997e-01, dB= 1.08999997e-01
         functype[100]=CONSTR, dA= 1.01000004e-01, dB= 1.01000004e-01
      reppow                         = 12
      fudgeQQ                        = 0.8333
cmap
   moltype (0):
      name="Protein"
      atoms:
         atom (22):
            atom[     0]={type=  0, typeB=  0, ptype=    Atom, m= 1.00800e+00, q= 1.12300e-01, mB= 1.00800e+00, qB= 1.12300e-01, resind=    0, atomnumber=  1}
            atom[     1]={type=  1, typeB=  1, ptype=    Atom, m= 1.20100e+01, q=-3.66200e-01, mB= 1.20100e+01, qB=-3.66200e-01, resind=    0, atomnumber=  6}
            atom[     2]={type=  0, typeB=  0, ptype=    Atom, m= 1.00800e+00, q= 1.12300e-01, mB= 1.00800e+00, qB= 1.12300e-01, resind=    0, atomnumber=  1}
            atom[     3]={type=  0, typeB=  0, ptype=    Atom, m= 1.00800e+00, q= 1.12300e-01, mB= 1.00800e+00, qB= 1.12300e-01, resind=    0, atomnumber=  1}
            atom[     4]={type=  2, typeB=  2, ptype=    Atom, m= 1.20100e+01, q= 5.97200e-01, mB= 1.20100e+01, qB= 5.97200e-01, resind=    0, atomnumber=  6}
            atom[     5]={type=  3, typeB=  3, ptype=    Atom, m= 1.60000e+01, q=-5.67900e-01, mB= 1.60000e+01, qB=-5.67900e-01, resind=    0, atomnumber=  8}
            atom[     6]={type=  4, typeB=  4, ptype=    Atom, m= 1.40100e+01, q=-4.15700e-01, mB= 1.40100e+01, qB=-4.15700e-01, resind=    1, atomnumber=  7}
            atom[     7]={type=  5, typeB=  5, ptype=    Atom, m= 1.00800e+00, q= 2.71900e-01, mB= 1.00800e+00, qB= 2.71900e-01, resind=    1, atomnumber=  1}
            atom[     8]={type=  1, typeB=  1, ptype=    Atom, m= 1.20100e+01, q= 3.37000e-02, mB= 1.20100e+01, qB= 3.37000e-02, resind=    1, atomnumber=  6}
            atom[     9]={type=  6, typeB=  6, ptype=    Atom, m= 1.00800e+00, q= 8.23000e-02, mB= 1.00800e+00, qB= 8.23000e-02, resind=    1, atomnumber=  1}
            atom[    10]={type=  1, typeB=  1, ptype=    Atom, m= 1.20100e+01, q=-1.82500e-01, mB= 1.20100e+01, qB=-1.82500e-01, resind=    1, atomnumber=  6}
            atom[    11]={type=  0, typeB=  0, ptype=    Atom, m= 1.00800e+00, q= 6.03000e-02, mB= 1.00800e+00, qB= 6.03000e-02, resind=    1, atomnumber=  1}
            atom[    12]={type=  0, typeB=  0, ptype=    Atom, m= 1.00800e+00, q= 6.03000e-02, mB= 1.00800e+00, qB= 6.03000e-02, resind=    1, atomnumber=  1}
            atom[    13]={type=  0, typeB=  0, ptype=    Atom, m= 1.00800e+00, q= 6.03000e-02, mB= 1.00800e+00, qB= 6.03000e-02, resind=    1, atomnumber=  1}
            atom[    14]={type=  2, typeB=  2, ptype=    Atom, m= 1.20100e+01, q= 5.97300e-01, mB= 1.20100e+01, qB= 5.97300e-01, resind=    1, atomnumber=  6}
            atom[    15]={type=  3, typeB=  3, ptype=    Atom, m= 1.60000e+01, q=-5.67900e-01, mB= 1.60000e+01, qB=-5.67900e-01, resind=    1, atomnumber=  8}
            atom[    16]={type=  4, typeB=  4, ptype=    Atom, m= 1.40100e+01, q=-4.15700e-01, mB= 1.40100e+01, qB=-4.15700e-01, resind=    2, atomnumber=  7}
            atom[    17]={type=  5, typeB=  5, ptype=    Atom, m= 1.00800e+00, q= 2.71900e-01, mB= 1.00800e+00, qB= 2.71900e-01, resind=    2, atomnumber=  1}
            atom[    18]={type=  1, typeB=  1, ptype=    Atom, m= 1.20100e+01, q=-1.49000e-01, mB= 1.20100e+01, qB=-1.49000e-01, resind=    2, atomnumber=  6}
            atom[    19]={type=  6, typeB=  6, ptype=    Atom, m= 1.00800e+00, q= 9.76000e-02, mB= 1.00800e+00, qB= 9.76000e-02, resind=    2, atomnumber=  1}
            atom[    20]={type=  6, typeB=  6, ptype=    Atom, m= 1.00800e+00, q= 9.76000e-02, mB= 1.00800e+00, qB= 9.76000e-02, resind=    2, atomnumber=  1}
            atom[    21]={type=  6, typeB=  6, ptype=    Atom, m= 1.00800e+00, q= 9.76000e-02, mB= 1.00800e+00, qB= 9.76000e-02, resind=    2, atomnumber=  1}
         atom (22):
            atom[0]={name="HH31"}
            atom[1]={name="CH3"}
            atom[2]={name="HH32"}
            atom[3]={name="HH33"}
            atom[4]={name="C"}
            atom[5]={name="O"}
            atom[6]={name="N"}
            atom[7]={name="H"}
            atom[8]={name="CA"}
            atom[9]={name="HA"}
            atom[10]={name="CB"}
            atom[11]={name="HB1"}
            atom[12]={name="HB2"}
            atom[13]={name="HB3"}
            atom[14]={name="C"}
            atom[15]={name="O"}
            atom[16]={name="N"}
            atom[17]={name="H"}
            atom[18]={name="CH3"}
            atom[19]={name="HH31"}
            atom[20]={name="HH32"}
            atom[21]={name="HH33"}
         type (22):
            type[0]={name="HC",nameB="HC"}
            type[1]={name="CT",nameB="CT"}
            type[2]={name="HC",nameB="HC"}
            type[3]={name="HC",nameB="HC"}
            type[4]={name="C",nameB="C"}
            type[5]={name="O",nameB="O"}
            type[6]={name="N",nameB="N"}
            type[7]={name="H",nameB="H"}
            type[8]={name="CT",nameB="CT"}
            type[9]={name="H1",nameB="H1"}
            type[10]={name="CT",nameB="CT"}
            type[11]={name="HC",nameB="HC"}
            type[12]={name="HC",nameB="HC"}
            type[13]={name="HC",nameB="HC"}
            type[14]={name="C",nameB="C"}
            type[15]={name="O",nameB="O"}
            type[16]={name="N",nameB="N"}
            type[17]={name="H",nameB="H"}
            type[18]={name="CT",nameB="CT"}
            type[19]={name="H1",nameB="H1"}
            type[20]={name="H1",nameB="H1"}
            type[21]={name="H1",nameB="H1"}
         residue (3):
            residue[0]={name="ACE", nr=1, ic=' '}
            residue[1]={name="ALA", nr=2, ic=' '}
            residue[2]={name="NME", nr=3, ic=' '}
      excls:
         numLists=22
         numElements=218
         excls[0][num=7]={0, 1, 2, 3, 4, 5, 6}
         excls[1][num=9]={0, 1, 2, 3, 4, 5, 6, 7, 8}
         excls[2][num=7]={0, 1, 2, 3, 4, 5, 6}
         excls[3][num=7]={0, 1, 2, 3, 4, 5, 6}
         excls[4][num=12]={0, 1, 2, 3, 4, 5, 6, 7, 8, 9, 10, 14}
         excls[5][num=9]={0, 1, 2, 3, 4, 5, 6, 7, 8}
         excls[6][num=17]={0, 1, 2, 3, 4, 5, 6, 7, 8, 9, 10, 11, 12, 13, 
            14, 15, 16}
         excls[7][num=9]={1, 4, 5, 6, 7, 8, 9, 10, 14}
         excls[8][num=16]={1, 4, 5, 6, 7, 8, 9, 10, 11, 12, 13, 14, 15, 
            16, 17, 18}
         excls[9][num=12]={4, 6, 7, 8, 9, 10, 11, 12, 13, 14, 15, 16}
         excls[10][num=12]={4, 6, 7, 8, 9, 10, 11, 12, 13, 14, 15, 16}
         excls[11][num=8]={6, 8, 9, 10, 11, 12, 13, 14}
         excls[12][num=8]={6, 8, 9, 10, 11, 12, 13, 14}
         excls[13][num=8]={6, 8, 9, 10, 11, 12, 13, 14}
         excls[14][num=17]={4, 6, 7, 8, 9, 10, 11, 12, 13, 14, 15, 16, 
            17, 18, 19, 20, 21}
         excls[15][num=9]={6, 8, 9, 10, 14, 15, 16, 17, 18}
         excls[16][num=12]={6, 8, 9, 10, 14, 15, 16, 17, 18, 19, 20, 21}
         excls[17][num=9]={8, 14, 15, 16, 17, 18, 19, 20, 21}
         excls[18][num=9]={8, 14, 15, 16, 17, 18, 19, 20, 21}
         excls[19][num=7]={14, 16, 17, 18, 19, 20, 21}
         excls[20][num=7]={14, 16, 17, 18, 19, 20, 21}
         excls[21][num=7]={14, 16, 17, 18, 19, 20, 21}
      Bond:
         nr: 27
         iatoms:
            0 type=49 (BONDS)   1   4
            1 type=50 (BONDS)   4   5
            2 type=51 (BONDS)   4   6
            3 type=52 (BONDS)   6   8
            4 type=53 (BONDS)   8  10
            5 type=49 (BONDS)   8  14
            6 type=50 (BONDS)  14  15
            7 type=51 (BONDS)  14  16
            8 type=52 (BONDS)  16  18
      G96Bond:
         nr: 0
      Morse:
         nr: 0
      Cubic Bonds:
         nr: 0
      Connect Bonds:
         nr: 0
      Harmonic Pot.:
         nr: 0
      FENE Bonds:
         nr: 0
      Tab. Bonds:
         nr: 0
      Tab. Bonds NC:
         nr: 0
      Restraint Pot.:
         nr: 0
      Angle:
         nr: 144
         iatoms:
            0 type=54 (ANGLES)   0   1   2
            1 type=54 (ANGLES)   0   1   3
            2 type=55 (ANGLES)   0   1   4
            3 type=54 (ANGLES)   2   1   3
            4 type=55 (ANGLES)   2   1   4
            5 type=55 (ANGLES)   3   1   4
            6 type=56 (ANGLES)   1   4   5
            7 type=57 (ANGLES)   1   4   6
            8 type=58 (ANGLES)   5   4   6
            9 type=59 (ANGLES)   4   6   7
            10 type=60 (ANGLES)   4   6   8
            11 type=61 (ANGLES)   7   6   8
            12 type=55 (ANGLES)   6   8   9
            13 type=62 (ANGLES)   6   8  10
            14 type=63 (ANGLES)   6   8  14
            15 type=55 (ANGLES)   9   8  10
            16 type=55 (ANGLES)   9   8  14
            17 type=64 (ANGLES)  10   8  14
            18 type=55 (ANGLES)   8  10  11
            19 type=55 (ANGLES)   8  10  12
            20 type=55 (ANGLES)   8  10  13
            21 type=54 (ANGLES)  11  10  12
            22 type=54 (ANGLES)  11  10  13
            23 type=54 (ANGLES)  12  10  13
            24 type=56 (ANGLES)   8  14  15
            25 type=57 (ANGLES)   8  14  16
            26 type=58 (ANGLES)  15  14  16
            27 type=59 (ANGLES)  14  16  17
            28 type=60 (ANGLES)  14  16  18
            29 type=61 (ANGLES)  17  16  18
            30 type=55 (ANGLES)  16  18  19
            31 type=55 (ANGLES)  16  18  20
            32 type=55 (ANGLES)  16  18  21
            33 type=54 (ANGLES)  19  18  20
            34 type=54 (ANGLES)  19  18  21
            35 type=54 (ANGLES)  20  18  21
      G96Angle:
         nr: 0
      Restr. Angles:
         nr: 0
      Lin. Angle:
         nr: 0
      Bond-Cross:
         nr: 0
      BA-Cross:
         nr: 0
      U-B:
         nr: 0
      Quartic Angles:
         nr: 0
      Tab. Angles:
         nr: 0
      Proper Dih.:
         nr: 190
         iatoms:
            0 type=65 (PDIHS)   0   1   4   5
            1 type=66 (PDIHS)   0   1   4   5
            2 type=65 (PDIHS)   2   1   4   5
            3 type=66 (PDIHS)   2   1   4   5
            4 type=65 (PDIHS)   3   1   4   5
            5 type=66 (PDIHS)   3   1   4   5
            6 type=67 (PDIHS)   1   4   6   7
            7 type=67 (PDIHS)   1   4   6   8
            8 type=67 (PDIHS)   5   4   6   7
            9 type=68 (PDIHS)   5   4   6   7
            10 type=67 (PDIHS)   5   4   6   8
            11 type=68 (PDIHS)   4   6   8  10
            12 type=69 (PDIHS)   4   6   8  10
            13 type=70 (PDIHS)   4   6   8  10
            14 type=71 (PDIHS)   4   6   8  14
            15 type=72 (PDIHS)   4   6   8  14
            16 type=73 (PDIHS)   6   8  10  11
            17 type=73 (PDIHS)   6   8  10  12
            18 type=73 (PDIHS)   6   8  10  13
            19 type=73 (PDIHS)   9   8  10  11
            20 type=73 (PDIHS)   9   8  10  12
            21 type=73 (PDIHS)   9   8  10  13
            22 type=73 (PDIHS)  14   8  10  11
            23 type=73 (PDIHS)  14   8  10  12
            24 type=73 (PDIHS)  14   8  10  13
            25 type=74 (PDIHS)   6   8  14  16
            26 type=75 (PDIHS)   6   8  14  16
            27 type=76 (PDIHS)   6   8  14  16
            28 type=65 (PDIHS)   9   8  14  15
            29 type=66 (PDIHS)   9   8  14  15
            30 type=77 (PDIHS)  10   8  14  16
            31 type=78 (PDIHS)  10   8  14  16
            32 type=70 (PDIHS)  10   8  14  16
            33 type=67 (PDIHS)   8  14  16  17
            34 type=67 (PDIHS)   8  14  16  18
            35 type=67 (PDIHS)  15  14  16  17
            36 type=68 (PDIHS)  15  14  16  17
            37 type=67 (PDIHS)  15  14  16  18
      Ryckaert-Bell.:
         nr: 0
      Restr. Dih.:
         nr: 0
      CBT Dih.:
         nr: 0
      Fourier Dih.:
         nr: 0
      Improper Dih.:
         nr: 0
      Per. Imp. Dih.:
         nr: 20
         iatoms:
            0 type=79 (PIDIHS)   1   6   4   5
            1 type=80 (PIDIHS)   4   8   6   7
            2 type=79 (PIDIHS)   8  16  14  15
            3 type=80 (PIDIHS)  14  18  16  17
      Tab. Dih.:
         nr: 0
      CMAP Dih.:
         nr: 0
      GB 1-2 Pol.:
         nr: 0
      GB 1-3 Pol.:
         nr: 0
      GB 1-4 Pol.:
         nr: 0
      GB Polariz.:
         nr: 0
      Nonpolar Sol.:
         nr: 0
      LJ-14:
         nr: 123
         iatoms:
            0 type=81 (LJ14)   0   5
            1 type=82 (LJ14)   0   6
            2 type=83 (LJ14)   1   7
            3 type=84 (LJ14)   1   8
            4 type=81 (LJ14)   2   5
            5 type=82 (LJ14)   2   6
            6 type=81 (LJ14)   3   5
            7 type=82 (LJ14)   3   6
            8 type=85 (LJ14)   4   9
            9 type=86 (LJ14)   4  10
            10 type=87 (LJ14)   4  14
            11 type=88 (LJ14)   5   7
            12 type=89 (LJ14)   5   8
            13 type=82 (LJ14)   6  11
            14 type=82 (LJ14)   6  12
            15 type=82 (LJ14)   6  13
            16 type=90 (LJ14)   6  15
            17 type=91 (LJ14)   6  16
            18 type=92 (LJ14)   7   9
            19 type=83 (LJ14)   7  10
            20 type=93 (LJ14)   7  14
            21 type=83 (LJ14)   8  17
            22 type=84 (LJ14)   8  18
            23 type=94 (LJ14)   9  11
            24 type=94 (LJ14)   9  12
            25 type=94 (LJ14)   9  13
            26 type=95 (LJ14)   9  15
            27 type=96 (LJ14)   9  16
            28 type=89 (LJ14)  10  15
            29 type=97 (LJ14)  10  16
            30 type=98 (LJ14)  11  14
            31 type=98 (LJ14)  12  14
            32 type=98 (LJ14)  13  14
            33 type=85 (LJ14)  14  19
            34 type=85 (LJ14)  14  20
            35 type=85 (LJ14)  14  21
            36 type=88 (LJ14)  15  17
            37 type=89 (LJ14)  15  18
            38 type=92 (LJ14)  17  19
            39 type=92 (LJ14)  17  20
            40 type=92 (LJ14)  17  21
      Coulomb-14:
         nr: 0
      LJC-14 q:
         nr: 0
      LJC Pairs NB:
         nr: 0
      LJ (SR):
         nr: 0
      Buck.ham (SR):
         nr: 0
      LJ:
         nr: 0
      B.ham:
         nr: 0
      Disper. corr.:
         nr: 0
      Coulomb (SR):
         nr: 0
      Coul:
         nr: 0
      RF excl.:
         nr: 0
      Coul. recip.:
         nr: 0
      LJ recip.:
         nr: 0
      DPD:
         nr: 0
      Polarization:
         nr: 0
      Water Pol.:
         nr: 0
      Thole Pol.:
         nr: 0
      Anharm. Pol.:
         nr: 0
      Position Rest.:
         nr: 0
      Flat-b. P-R.:
         nr: 0
      Dis. Rest.:
         nr: 0
      D.R.Viol. (nm):
         nr: 0
      Orient. Rest.:
         nr: 0
      Ori. R. RMSD:
         nr: 0
      Angle Rest.:
         nr: 0
      Angle Rest. Z:
         nr: 0
      Dih. Rest.:
         nr: 0
      Dih. Rest. Vi.:
         nr: 0
      Constraint:
         nr: 36
         iatoms:
            0 type=99 (CONSTR)   0   1
            1 type=99 (CONSTR)   1   2
            2 type=99 (CONSTR)   1   3
            3 type=100 (CONSTR)   6   7
            4 type=99 (CONSTR)   8   9
            5 type=99 (CONSTR)  10  11
            6 type=99 (CONSTR)  10  12
            7 type=99 (CONSTR)  10  13
            8 type=100 (CONSTR)  16  17
            9 type=99 (CONSTR)  18  19
            10 type=99 (CONSTR)  18  20
            11 type=99 (CONSTR)  18  21
      Constr. No Co.:
         nr: 0
      Settle:
         nr: 0
      Virtual site 1:
         nr: 0
      Virtual site 2:
         nr: 0
      Virt. site 2fd:
         nr: 0
      Virtual site 3:
         nr: 0
      Virt. site 3fd:
         nr: 0
      Vir. site 3fad:
         nr: 0
      Vir. site 3out:
         nr: 0
      Virt. site 4fd:
         nr: 0
      Vir. site 4fdn:
         nr: 0
      Virtual site N:
         nr: 0
      COM Pull En.:
         nr: 0
      Dens. fitting:
         nr: 0
      Quantum En.:
         nr: 0
      Potential:
         nr: 0
      Kinetic En.:
         nr: 0
      Total Energy:
         nr: 0
      Conserved En.:
         nr: 0
      Temperature:
         nr: 0
      Vir. Temp.:
         nr: 0
      Pres. DC:
         nr: 0
      Pressure:
         nr: 0
      dH/dl constr.:
         nr: 0
      dVremain/dl:
         nr: 0
      dEkin/dl:
         nr: 0
      dVcoul/dl:
         nr: 0
      dVvdw/dl:
         nr: 0
      dVbonded/dl:
         nr: 0
      dVrestraint/dl:
         nr: 0
      dVtemp/dl:
         nr: 0
grp[T-Coupling  ] nr=1, name=[ System]
grp[Energy Mon. ] nr=1, name=[ rest]
grp[Acc. not used] nr=1, name=[ rest]
grp[Freeze      ] nr=1, name=[ rest]
grp[User1       ] nr=1, name=[ rest]
grp[User2       ] nr=1, name=[ rest]
grp[VCM         ] nr=1, name=[ rest]
grp[Compressed X] nr=1, name=[ rest]
grp[Or. Res. Fit] nr=1, name=[ rest]
grp[QMMM        ] nr=1, name=[ rest]
   grpname (11):
      grpname[0]={name="System"}
      grpname[1]={name="Protein"}
      grpname[2]={name="Protein-H"}
      grpname[3]={name="C-alpha"}
      grpname[4]={name="Backbone"}
      grpname[5]={name="MainChain"}
      grpname[6]={name="MainChain+Cb"}
      grpname[7]={name="MainChain+H"}
      grpname[8]={name="SideChain"}
      grpname[9]={name="SideChain-H"}
      grpname[10]={name="rest"}
   groups           T-Cou Energ Acc.  Freez User1 User2   VCM Compr Or. R  QMMM
   allocated            0     0     0     0     0     0     0     0     0     0
   groupnr[    *] =    0     0     0     0     0     0     0     0     0     0 
box (3x3):
   box[    0]={ 3.02334e+00,  0.00000e+00,  0.00000e+00}
   box[    1]={ 0.00000e+00,  3.02334e+00,  0.00000e+00}
   box[    2]={ 0.00000e+00,  0.00000e+00,  3.02334e+00}
box_rel (3x3):
   box_rel[    0]={ 0.00000e+00,  0.00000e+00,  0.00000e+00}
   box_rel[    1]={ 0.00000e+00,  0.00000e+00,  0.00000e+00}
   box_rel[    2]={ 0.00000e+00,  0.00000e+00,  0.00000e+00}
boxv (3x3):
   boxv[    0]={ 0.00000e+00,  0.00000e+00,  0.00000e+00}
   boxv[    1]={ 0.00000e+00,  0.00000e+00,  0.00000e+00}
   boxv[    2]={ 0.00000e+00,  0.00000e+00,  0.00000e+00}
pres_prev (3x3):
   pres_prev[    0]={ 0.00000e+00,  0.00000e+00,  0.00000e+00}
   pres_prev[    1]={ 0.00000e+00,  0.00000e+00,  0.00000e+00}
   pres_prev[    2]={ 0.00000e+00,  0.00000e+00,  0.00000e+00}
svir_prev (3x3):
   svir_prev[    0]={ 0.00000e+00,  0.00000e+00,  0.00000e+00}
   svir_prev[    1]={ 0.00000e+00,  0.00000e+00,  0.00000e+00}
   svir_prev[    2]={ 0.00000e+00,  0.00000e+00,  0.00000e+00}
fvir_prev (3x3):
   fvir_prev[    0]={ 0.00000e+00,  0.00000e+00,  0.00000e+00}
   fvir_prev[    1]={ 0.00000e+00,  0.00000e+00,  0.00000e+00}
   fvir_prev[    2]={ 0.00000e+00,  0.00000e+00,  0.00000e+00}
nosehoover_xi: not available
x (22x3):
   x[    0]={ 1.99000e-01,  8.60000e-01,  6.13000e-01}
   x[    1]={ 1.75000e-01,  7.63000e-01,  6.57000e-01}
   x[    2]={ 1.38000e-01,  6.92000e-01,  5.83000e-01}
   x[    3]={ 1.00000e-01,  7.72000e-01,  7.35000e-01}
   x[    4]={ 2.89000e-01,  7.01000e-01,  7.26000e-01}
   x[    5]={ 3.83000e-01,  7.73000e-01,  7.42000e-01}
   x[    6]={ 2.92000e-01,  5.73000e-01,  7.60000e-01}
   x[    7]={ 2.11000e-01,  5.16000e-01,  7.39000e-01}
   x[    8]={ 4.16000e-01,  5.01000e-01,  8.14000e-01}
   x[    9]={ 4.51000e-01,  5.72000e-01,  8.89000e-01}
   x[   10]={ 3.54000e-01,  3.82000e-01,  8.90000e-01}
   x[   11]={ 2.73000e-01,  4.22000e-01,  9.52000e-01}
   x[   12]={ 3.05000e-01,  3.20000e-01,  8.14000e-01}
   x[   13]={ 4.25000e-01,  3.28000e-01,  9.53000e-01}
   x[   14]={ 5.32000e-01,  4.72000e-01,  7.13000e-01}
   x[   15]={ 5.60000e-01,  3.57000e-01,  6.86000e-01}
   x[   16]={ 5.88000e-01,  5.78000e-01,  6.51000e-01}
   x[   17]={ 5.64000e-01,  6.67000e-01,  6.92000e-01}
   x[   18]={ 6.91000e-01,  5.78000e-01,  5.49000e-01}
   x[   19]={ 7.74000e-01,  6.34000e-01,  5.93000e-01}
   x[   20]={ 7.34000e-01,  4.79000e-01,  5.37000e-01}
   x[   21]={ 6.45000e-01,  6.17000e-01,  4.59000e-01}
v (22x3):
   v[    0]={ 1.83880e+00, -9.60884e-01,  2.26137e+00}
   v[    1]={ 2.94210e-02, -4.49539e-01,  8.42034e-02}
   v[    2]={ 1.38164e+00, -7.36051e-01,  1.31862e+00}
   v[    3]={-1.00776e+00,  2.56002e-01,  7.76038e-01}
   v[    4]={ 2.78064e-01,  1.10951e+00, -4.12695e-01}
   v[    5]={-2.96661e-01,  1.11062e-01, -1.14446e-01}
   v[    6]={-1.27880e-01,  6.84459e-01, -2.83424e-01}
   v[    7]={ 2.34486e-01, -1.00642e+00,  1.86624e+00}
   v[    8]={ 1.70766e-01, -1.27865e-01, -4.37154e-01}
   v[    9]={ 7.59488e-02, -1.71582e+00, -1.76872e+00}
   v[   10]={-3.16487e-01, -7.12170e-01,  2.09994e-01}
   v[   11]={ 2.78025e+00, -1.78341e+00, -1.14293e+00}
   v[   12]={ 2.95028e+00,  3.68236e+00, -1.13122e+00}
   v[   13]={ 1.24767e+00, -1.14240e+00,  1.40453e+00}
   v[   14]={-7.13007e-01, -4.15518e-02, -1.74565e-02}
   v[   15]={ 4.27048e-01,  4.69422e-01, -3.52435e-01}
   v[   16]={-5.13896e-04, -6.54758e-01,  6.72062e-01}
   v[   17]={ 8.05736e-01, -1.03119e+00,  6.15756e-01}
   v[   18]={-4.49350e-01, -2.25131e-01,  4.57579e-01}
   v[   19]={-1.85817e+00, -1.40694e+00,  1.03169e+00}
   v[   20]={ 2.92928e+00,  7.06306e-01, -4.05448e-01}
   v[   21]={ 2.58491e-01,  8.34428e-01, -1.44024e+00}
Group statistics
T-Coupling  :      22  (total 22 atoms)
Energy Mon. :      22  (total 22 atoms)
Acc. not used:      22  (total 22 atoms)
Freeze      :      22  (total 22 atoms)
User1       :      22  (total 22 atoms)
User2       :      22  (total 22 atoms)
VCM         :      22  (total 22 atoms)
Compressed X:      22  (total 22 atoms)
Or. Res. Fit:      22  (total 22 atoms)
QMMM        :      22  (total 22 atoms)
